# JRE version: OpenJDK Runtime Environment (16.0.1+9) (build 16.0.1+9-24)
# Java VM: OpenJDK 64-Bit Server VM (16.0.1+9-24, mixed mode, sharing, tiered, compressed oops, compressed class ptrs, g1 gc, bsd-amd64)
GC Precious Log:
 CPUs: 12 total, 12 available
 Memory: 32768M
 Large Page Support: Disabled
 NUMA Support: Disabled
 Compressed Oops: Enabled (Zero based)
 Heap Region Size: 4M
 Heap Min Capacity: 8M
 Heap Initial Capacity: 512M
 Heap Max Capacity: 8G
 Pre-touch: Disabled
 Parallel Workers: 10
 Concurrent Workers: 3
 Concurrent Refinement Workers: 10
 Periodic GC: Disabled
Heap:
 garbage-first heap   total 925696K, used 553390K [0x0000000600000000, 0x0000000800000000)
  region size 4096K, 132 young (540672K), 1 survivors (4096K)
 Metaspace       used 17036K, committed 17280K, reserved 1064960K
  class space    used 2001K, committed 2112K, reserved 1048576K
GC Heap History (20 events):
Event: 45.229 GC heap before
{Heap before GC invocations=699 (full 0):
 garbage-first heap   total 925696K, used 569626K [0x0000000600000000, 0x0000000800000000)
  region size 4096K, 135 young (552960K), 1 survivors (4096K)
 Metaspace       used 16948K, committed 17216K, reserved 1064960K
  class space    used 1990K, committed 2112K, reserved 1048576K
}
Event: 45.231 GC heap after
{Heap after GC invocations=700 (full 0):
 garbage-first heap   total 925696K, used 20786K [0x0000000600000000, 0x0000000800000000)
  region size 4096K, 1 young (4096K), 1 survivors (4096K)
 Metaspace       used 16948K, committed 17216K, reserved 1064960K
  class space    used 1990K, committed 2112K, reserved 1048576K
}
Event: 45.335 GC heap before
{Heap before GC invocations=700 (full 0):
 garbage-first heap   total 925696K, used 569650K [0x0000000600000000, 0x0000000800000000)
  region size 4096K, 135 young (552960K), 1 survivors (4096K)
 Metaspace       used 16955K, committed 17216K, reserved 1064960K
  class space    used 1991K, committed 2112K, reserved 1048576K
}
Event: 45.336 GC heap after
{Heap after GC invocations=701 (full 0):
 garbage-first heap   total 925696K, used 20828K [0x0000000600000000, 0x0000000800000000)
  region size 4096K, 1 young (4096K), 1 survivors (4096K)
 Metaspace       used 16955K, committed 17216K, reserved 1064960K
  class space    used 1991K, committed 2112K, reserved 1048576K
}
Event: 45.441 GC heap before
{Heap before GC invocations=701 (full 0):
 garbage-first heap   total 925696K, used 569692K [0x0000000600000000, 0x0000000800000000)
  region size 4096K, 135 young (552960K), 1 survivors (4096K)
 Metaspace       used 16962K, committed 17216K, reserved 1064960K
  class space    used 1993K, committed 2112K, reserved 1048576K
}
Event: 45.442 GC heap after
{Heap after GC invocations=702 (full 0):
 garbage-first heap   total 925696K, used 20802K [0x0000000600000000, 0x0000000800000000)
  region size 4096K, 1 young (4096K), 1 survivors (4096K)
 Metaspace       used 16962K, committed 17216K, reserved 1064960K
  class space    used 1993K, committed 2112K, reserved 1048576K
}
Event: 45.552 GC heap before
{Heap before GC invocations=702 (full 0):
 garbage-first heap   total 925696K, used 569666K [0x0000000600000000, 0x0000000800000000)
  region size 4096K, 135 young (552960K), 1 survivors (4096K)
 Metaspace       used 16962K, committed 17216K, reserved 1064960K
  class space    used 1993K, committed 2112K, reserved 1048576K
}
Event: 45.553 GC heap after
{Heap after GC invocations=703 (full 0):
 garbage-first heap   total 925696K, used 20812K [0x0000000600000000, 0x0000000800000000)
  region size 4096K, 1 young (4096K), 1 survivors (4096K)
 Metaspace       used 16962K, committed 17216K, reserved 1064960K
  class space    used 1993K, committed 2112K, reserved 1048576K
}
Event: 45.659 GC heap before
{Heap before GC invocations=703 (full 0):
 garbage-first heap   total 925696K, used 569676K [0x0000000600000000, 0x0000000800000000)
  region size 4096K, 135 young (552960K), 1 survivors (4096K)
 Metaspace       used 16962K, committed 17216K, reserved 1064960K
  class space    used 1993K, committed 2112K, reserved 1048576K
}
Event: 45.660 GC heap after
{Heap after GC invocations=704 (full 0):
 garbage-first heap   total 925696K, used 20825K [0x0000000600000000, 0x0000000800000000)
  region size 4096K, 1 young (4096K), 1 survivors (4096K)
 Metaspace       used 16962K, committed 17216K, reserved 1064960K
  class space    used 1993K, committed 2112K, reserved 1048576K
}
Event: 45.749 GC heap before
{Heap before GC invocations=704 (full 0):
 garbage-first heap   total 925696K, used 569689K [0x0000000600000000, 0x0000000800000000)
  region size 4096K, 135 young (552960K), 1 survivors (4096K)
 Metaspace       used 16977K, committed 17216K, reserved 1064960K
  class space    used 1993K, committed 2112K, reserved 1048576K
}
Event: 45.750 GC heap after
{Heap after GC invocations=705 (full 0):
 garbage-first heap   total 925696K, used 20896K [0x0000000600000000, 0x0000000800000000)
  region size 4096K, 1 young (4096K), 1 survivors (4096K)
 Metaspace       used 16977K, committed 17216K, reserved 1064960K
  class space    used 1993K, committed 2112K, reserved 1048576K
}
Event: 45.838 GC heap before
{Heap before GC invocations=705 (full 0):
 garbage-first heap   total 925696K, used 569760K [0x0000000600000000, 0x0000000800000000)
  region size 4096K, 135 young (552960K), 1 survivors (4096K)
 Metaspace       used 16978K, committed 17216K, reserved 1064960K
  class space    used 1993K, committed 2112K, reserved 1048576K
}
Event: 45.839 GC heap after
{Heap after GC invocations=706 (full 0):
 garbage-first heap   total 925696K, used 20912K [0x0000000600000000, 0x0000000800000000)
  region size 4096K, 1 young (4096K), 1 survivors (4096K)
 Metaspace       used 16978K, committed 17216K, reserved 1064960K
  class space    used 1993K, committed 2112K, reserved 1048576K
}
Event: 45.932 GC heap before
{Heap before GC invocations=706 (full 0):
 garbage-first heap   total 925696K, used 569776K [0x0000000600000000, 0x0000000800000000)
  region size 4096K, 135 young (552960K), 1 survivors (4096K)
 Metaspace       used 17018K, committed 17280K, reserved 1064960K
  class space    used 1997K, committed 2112K, reserved 1048576K
}
Event: 45.933 GC heap after
{Heap after GC invocations=707 (full 0):
 garbage-first heap   total 925696K, used 20870K [0x0000000600000000, 0x0000000800000000)
  region size 4096K, 1 young (4096K), 1 survivors (4096K)
 Metaspace       used 17018K, committed 17280K, reserved 1064960K
  class space    used 1997K, committed 2112K, reserved 1048576K
}
Event: 46.021 GC heap before
{Heap before GC invocations=707 (full 0):
 garbage-first heap   total 925696K, used 569734K [0x0000000600000000, 0x0000000800000000)
  region size 4096K, 135 young (552960K), 1 survivors (4096K)
 Metaspace       used 17019K, committed 17280K, reserved 1064960K
  class space    used 1997K, committed 2112K, reserved 1048576K
}
Event: 46.022 GC heap after
{Heap after GC invocations=708 (full 0):
 garbage-first heap   total 925696K, used 20887K [0x0000000600000000, 0x0000000800000000)
  region size 4096K, 1 young (4096K), 1 survivors (4096K)
 Metaspace       used 17019K, committed 17280K, reserved 1064960K
  class space    used 1997K, committed 2112K, reserved 1048576K
}
Event: 46.159 GC heap before
{Heap before GC invocations=708 (full 0):
 garbage-first heap   total 925696K, used 569751K [0x0000000600000000, 0x0000000800000000)
  region size 4096K, 135 young (552960K), 1 survivors (4096K)
 Metaspace       used 17025K, committed 17280K, reserved 1064960K
  class space    used 1997K, committed 2112K, reserved 1048576K
}
Event: 46.160 GC heap after
{Heap after GC invocations=709 (full 0):
 garbage-first heap   total 925696K, used 20910K [0x0000000600000000, 0x0000000800000000)
  region size 4096K, 1 young (4096K), 1 survivors (4096K)
 Metaspace       used 17025K, committed 17280K, reserved 1064960K
  class space    used 1997K, committed 2112K, reserved 1048576K
}

