# JRE version: OpenJDK Runtime Environment (16.0.1+9) (build 16.0.1+9-Ubuntu-120.04)
# Java VM: OpenJDK 64-Bit Server VM (16.0.1+9-Ubuntu-120.04, mixed mode, tiered, compressed oops, compressed class ptrs, g1 gc, linux-amd64)
GC Precious Log:
 CPUs: 20 total, 20 available
 Memory: 125G
 Large Page Support: Disabled
 NUMA Support: Disabled
 Compressed Oops: Enabled (Zero based)
 Heap Region Size: 16M
 Heap Min Capacity: 16M
 Heap Initial Capacity: 2016M
 Heap Max Capacity: 30688M
 Pre-touch: Disabled
 Parallel Workers: 15
 Concurrent Workers: 4
 Concurrent Refinement Workers: 15
 Periodic GC: Disabled
Heap:
 garbage-first heap   total 163840K, used 82777K [0x0000000082000000, 0x0000000800000000)
  region size 16384K, 4 young (65536K), 1 survivors (16384K)
 Metaspace       used 43994K, committed 44288K, reserved 1089536K
  class space    used 4239K, committed 4352K, reserved 1048576K
GC Heap History (20 events):
Event: 11.059 GC heap before
{Heap before GC invocations=14 (full 0):
 garbage-first heap   total 163840K, used 112669K [0x0000000082000000, 0x0000000800000000)
  region size 16384K, 6 young (98304K), 1 survivors (16384K)
 Metaspace       used 38961K, committed 39296K, reserved 1089536K
  class space    used 3867K, committed 4032K, reserved 1048576K
}
Event: 11.063 GC heap after
{Heap after GC invocations=15 (full 0):
 garbage-first heap   total 163840K, used 35029K [0x0000000082000000, 0x0000000800000000)
  region size 16384K, 1 young (16384K), 1 survivors (16384K)
 Metaspace       used 38961K, committed 39296K, reserved 1089536K
  class space    used 3867K, committed 4032K, reserved 1048576K
}
Event: 11.210 GC heap before
{Heap before GC invocations=15 (full 0):
 garbage-first heap   total 163840K, used 116949K [0x0000000082000000, 0x0000000800000000)
  region size 16384K, 6 young (98304K), 1 survivors (16384K)
 Metaspace       used 38995K, committed 39296K, reserved 1089536K
  class space    used 3871K, committed 4032K, reserved 1048576K
}
Event: 11.214 GC heap after
{Heap after GC invocations=16 (full 0):
 garbage-first heap   total 163840K, used 39386K [0x0000000082000000, 0x0000000800000000)
  region size 16384K, 1 young (16384K), 1 survivors (16384K)
 Metaspace       used 38995K, committed 39296K, reserved 1089536K
  class space    used 3871K, committed 4032K, reserved 1048576K
}
Event: 11.355 GC heap before
{Heap before GC invocations=16 (full 0):
 garbage-first heap   total 163840K, used 121306K [0x0000000082000000, 0x0000000800000000)
  region size 16384K, 6 young (98304K), 1 survivors (16384K)
 Metaspace       used 39028K, committed 39360K, reserved 1089536K
  class space    used 3878K, committed 4032K, reserved 1048576K
}
Event: 11.358 GC heap after
{Heap after GC invocations=17 (full 0):
 garbage-first heap   total 163840K, used 43438K [0x0000000082000000, 0x0000000800000000)
  region size 16384K, 1 young (16384K), 1 survivors (16384K)
 Metaspace       used 39028K, committed 39360K, reserved 1089536K
  class space    used 3878K, committed 4032K, reserved 1048576K
}
Event: 11.736 GC heap before
{Heap before GC invocations=17 (full 0):
 garbage-first heap   total 163840K, used 108974K [0x0000000082000000, 0x0000000800000000)
  region size 16384K, 5 young (81920K), 1 survivors (16384K)
 Metaspace       used 39625K, committed 39872K, reserved 1089536K
  class space    used 3953K, committed 4096K, reserved 1048576K
}
Event: 11.739 GC heap after
{Heap after GC invocations=18 (full 0):
 garbage-first heap   total 163840K, used 46763K [0x0000000082000000, 0x0000000800000000)
  region size 16384K, 1 young (16384K), 1 survivors (16384K)
 Metaspace       used 39625K, committed 39872K, reserved 1089536K
  class space    used 3953K, committed 4096K, reserved 1048576K
}
Event: 11.991 GC heap before
{Heap before GC invocations=18 (full 0):
 garbage-first heap   total 163840K, used 79531K [0x0000000082000000, 0x0000000800000000)
  region size 16384K, 4 young (65536K), 1 survivors (16384K)
 Metaspace       used 39865K, committed 40128K, reserved 1089536K
  class space    used 3982K, committed 4096K, reserved 1048576K
}
Event: 11.994 GC heap after
{Heap after GC invocations=19 (full 0):
 garbage-first heap   total 163840K, used 47335K [0x0000000082000000, 0x0000000800000000)
  region size 16384K, 1 young (16384K), 1 survivors (16384K)
 Metaspace       used 39865K, committed 40128K, reserved 1089536K
  class space    used 3982K, committed 4096K, reserved 1048576K
}
Event: 12.809 GC heap before
{Heap before GC invocations=20 (full 0):
 garbage-first heap   total 163840K, used 112871K [0x0000000082000000, 0x0000000800000000)
  region size 16384K, 5 young (81920K), 1 survivors (16384K)
 Metaspace       used 40877K, committed 41088K, reserved 1089536K
  class space    used 4046K, committed 4160K, reserved 1048576K
}
Event: 12.811 GC heap after
{Heap after GC invocations=21 (full 0):
 garbage-first heap   total 163840K, used 48067K [0x0000000082000000, 0x0000000800000000)
  region size 16384K, 1 young (16384K), 1 survivors (16384K)
 Metaspace       used 40877K, committed 41088K, reserved 1089536K
  class space    used 4046K, committed 4160K, reserved 1048576K
}
Event: 13.474 GC heap before
{Heap before GC invocations=21 (full 0):
 garbage-first heap   total 163840K, used 113603K [0x0000000082000000, 0x0000000800000000)
  region size 16384K, 5 young (81920K), 1 survivors (16384K)
 Metaspace       used 41678K, committed 41920K, reserved 1089536K
  class space    used 4090K, committed 4224K, reserved 1048576K
}
Event: 13.476 GC heap after
{Heap after GC invocations=22 (full 0):
 garbage-first heap   total 163840K, used 48676K [0x0000000082000000, 0x0000000800000000)
  region size 16384K, 1 young (16384K), 1 survivors (16384K)
 Metaspace       used 41678K, committed 41920K, reserved 1089536K
  class space    used 4090K, committed 4224K, reserved 1048576K
}
Event: 14.161 GC heap before
{Heap before GC invocations=22 (full 0):
 garbage-first heap   total 163840K, used 114212K [0x0000000082000000, 0x0000000800000000)
  region size 16384K, 5 young (81920K), 1 survivors (16384K)
 Metaspace       used 42503K, committed 42816K, reserved 1089536K
  class space    used 4133K, committed 4288K, reserved 1048576K
}
Event: 14.163 GC heap after
{Heap after GC invocations=23 (full 0):
 garbage-first heap   total 163840K, used 49222K [0x0000000082000000, 0x0000000800000000)
  region size 16384K, 1 young (16384K), 1 survivors (16384K)
 Metaspace       used 42503K, committed 42816K, reserved 1089536K
  class space    used 4133K, committed 4288K, reserved 1048576K
}
Event: 14.799 GC heap before
{Heap before GC invocations=23 (full 0):
 garbage-first heap   total 163840K, used 114758K [0x0000000082000000, 0x0000000800000000)
  region size 16384K, 5 young (81920K), 1 survivors (16384K)
 Metaspace       used 43182K, committed 43456K, reserved 1089536K
  class space    used 4176K, committed 4288K, reserved 1048576K
}
Event: 14.801 GC heap after
{Heap after GC invocations=24 (full 0):
 garbage-first heap   total 163840K, used 49385K [0x0000000082000000, 0x0000000800000000)
  region size 16384K, 1 young (16384K), 1 survivors (16384K)
 Metaspace       used 43182K, committed 43456K, reserved 1089536K
  class space    used 4176K, committed 4288K, reserved 1048576K
}
Event: 15.484 GC heap before
{Heap before GC invocations=24 (full 0):
 garbage-first heap   total 163840K, used 114921K [0x0000000082000000, 0x0000000800000000)
  region size 16384K, 5 young (81920K), 1 survivors (16384K)
 Metaspace       used 43728K, committed 44032K, reserved 1089536K
  class space    used 4218K, committed 4352K, reserved 1048576K
}
Event: 15.486 GC heap after
{Heap after GC invocations=25 (full 0):
 garbage-first heap   total 163840K, used 50009K [0x0000000082000000, 0x0000000800000000)
  region size 16384K, 1 young (16384K), 1 survivors (16384K)
 Metaspace       used 43728K, committed 44032K, reserved 1089536K
  class space    used 4218K, committed 4352K, reserved 1048576K
}

